2020-10-16T06:23:46+00:00 CRITICAL Uncaught Error: Call to undefined method MonsterInsights_License_Compat::get_license_type() in /home/stranke/drclo.si/wpdrclo1/wp-content/plugins/google-analytics-for-wordpress/includes/admin/notifications.php:162
Stack trace:
#0 /home/stranke/drclo.si/wpdrclo1/wp-content/plugins/google-analytics-for-wordpress/includes/admin/notifications.php(132): MonsterInsights_Notifications->verify(Array)
#1 /home/stranke/drclo.si/wpdrclo1/wp-content/plugins/google-analytics-for-wordpress/includes/admin/notifications.php(308): MonsterInsights_Notifications->fetch_feed()
#2 /home/stranke/drclo.si/wpdrclo1/wp-includes/class-wp-hook.php(287): MonsterInsights_Notifications->update()
#3 /home/stranke/drclo.si/wpdrclo1/wp-includes/class-wp-hook.php(311): WP_Hook->apply_filters('', Array)
#4 /home/stranke/drclo.si/wpdrclo1/wp-includes/plugin.php(544): WP_Hook->do_action(Array)
#5 /home/stranke/drclo.si/wpdrclo1/wp-cron.php(138): do_action_ref_array('monsterinsights...', Array)
#6 {main}
  thrown v /home/stranke/drclo.si/wpdrclo1/wp-content/plugins/google-analytics-for-wordpress/includes/admin/notifications.php v vrstici 162

2020-10-16T06:24:46+00:00 CRITICAL Uncaught Error: Call to undefined method MonsterInsights_License_Compat::get_license_type() in /home/stranke/drclo.si/wpdrclo1/wp-content/plugins/google-analytics-for-wordpress/includes/admin/notifications.php:162
Stack trace:
#0 /home/stranke/drclo.si/wpdrclo1/wp-content/plugins/google-analytics-for-wordpress/includes/admin/notifications.php(132): MonsterInsights_Notifications->verify(Array)
#1 /home/stranke/drclo.si/wpdrclo1/wp-content/plugins/google-analytics-for-wordpress/includes/admin/notifications.php(308): MonsterInsights_Notifications->fetch_feed()
#2 /home/stranke/drclo.si/wpdrclo1/wp-includes/class-wp-hook.php(287): MonsterInsights_Notifications->update()
#3 /home/stranke/drclo.si/wpdrclo1/wp-includes/class-wp-hook.php(311): WP_Hook->apply_filters('', Array)
#4 /home/stranke/drclo.si/wpdrclo1/wp-includes/plugin.php(544): WP_Hook->do_action(Array)
#5 /home/stranke/drclo.si/wpdrclo1/wp-cron.php(138): do_action_ref_array('monsterinsights...', Array)
#6 {main}
  thrown v /home/stranke/drclo.si/wpdrclo1/wp-content/plugins/google-analytics-for-wordpress/includes/admin/notifications.php v vrstici 162

2020-10-16T06:26:35+00:00 CRITICAL Uncaught Error: Call to undefined method MonsterInsights_License_Compat::get_license_type() in /home/stranke/drclo.si/wpdrclo1/wp-content/plugins/google-analytics-for-wordpress/includes/admin/notifications.php:162
Stack trace:
#0 /home/stranke/drclo.si/wpdrclo1/wp-content/plugins/google-analytics-for-wordpress/includes/admin/notifications.php(132): MonsterInsights_Notifications->verify(Array)
#1 /home/stranke/drclo.si/wpdrclo1/wp-content/plugins/google-analytics-for-wordpress/includes/admin/notifications.php(308): MonsterInsights_Notifications->fetch_feed()
#2 /home/stranke/drclo.si/wpdrclo1/wp-includes/class-wp-hook.php(287): MonsterInsights_Notifications->update()
#3 /home/stranke/drclo.si/wpdrclo1/wp-includes/class-wp-hook.php(311): WP_Hook->apply_filters('', Array)
#4 /home/stranke/drclo.si/wpdrclo1/wp-includes/plugin.php(544): WP_Hook->do_action(Array)
#5 /home/stranke/drclo.si/wpdrclo1/wp-cron.php(138): do_action_ref_array('monsterinsights...', Array)
#6 {main}
  thrown v /home/stranke/drclo.si/wpdrclo1/wp-content/plugins/google-analytics-for-wordpress/includes/admin/notifications.php v vrstici 162

2020-10-16T06:27:44+00:00 CRITICAL Uncaught Error: Call to undefined method MonsterInsights_License_Compat::get_license_type() in /home/stranke/drclo.si/wpdrclo1/wp-content/plugins/google-analytics-for-wordpress/includes/admin/notifications.php:162
Stack trace:
#0 /home/stranke/drclo.si/wpdrclo1/wp-content/plugins/google-analytics-for-wordpress/includes/admin/notifications.php(132): MonsterInsights_Notifications->verify(Array)
#1 /home/stranke/drclo.si/wpdrclo1/wp-content/plugins/google-analytics-for-wordpress/includes/admin/notifications.php(308): MonsterInsights_Notifications->fetch_feed()
#2 /home/stranke/drclo.si/wpdrclo1/wp-includes/class-wp-hook.php(287): MonsterInsights_Notifications->update()
#3 /home/stranke/drclo.si/wpdrclo1/wp-includes/class-wp-hook.php(311): WP_Hook->apply_filters('', Array)
#4 /home/stranke/drclo.si/wpdrclo1/wp-includes/plugin.php(544): WP_Hook->do_action(Array)
#5 /home/stranke/drclo.si/wpdrclo1/wp-cron.php(138): do_action_ref_array('monsterinsights...', Array)
#6 {main}
  thrown v /home/stranke/drclo.si/wpdrclo1/wp-content/plugins/google-analytics-for-wordpress/includes/admin/notifications.php v vrstici 162

2020-10-16T06:28:49+00:00 CRITICAL Uncaught Error: Call to undefined method MonsterInsights_License_Compat::get_license_type() in /home/stranke/drclo.si/wpdrclo1/wp-content/plugins/google-analytics-for-wordpress/includes/admin/notifications.php:162
Stack trace:
#0 /home/stranke/drclo.si/wpdrclo1/wp-content/plugins/google-analytics-for-wordpress/includes/admin/notifications.php(132): MonsterInsights_Notifications->verify(Array)
#1 /home/stranke/drclo.si/wpdrclo1/wp-content/plugins/google-analytics-for-wordpress/includes/admin/notifications.php(308): MonsterInsights_Notifications->fetch_feed()
#2 /home/stranke/drclo.si/wpdrclo1/wp-includes/class-wp-hook.php(287): MonsterInsights_Notifications->update()
#3 /home/stranke/drclo.si/wpdrclo1/wp-includes/class-wp-hook.php(311): WP_Hook->apply_filters('', Array)
#4 /home/stranke/drclo.si/wpdrclo1/wp-includes/plugin.php(544): WP_Hook->do_action(Array)
#5 /home/stranke/drclo.si/wpdrclo1/wp-cron.php(138): do_action_ref_array('monsterinsights...', Array)
#6 {main}
  thrown v /home/stranke/drclo.si/wpdrclo1/wp-content/plugins/google-analytics-for-wordpress/includes/admin/notifications.php v vrstici 162

2020-10-16T06:31:09+00:00 CRITICAL Uncaught Error: Call to undefined method MonsterInsights_License_Compat::get_license_type() in /home/stranke/drclo.si/wpdrclo1/wp-content/plugins/google-analytics-for-wordpress/includes/admin/notifications.php:162
Stack trace:
#0 /home/stranke/drclo.si/wpdrclo1/wp-content/plugins/google-analytics-for-wordpress/includes/admin/notifications.php(132): MonsterInsights_Notifications->verify(Array)
#1 /home/stranke/drclo.si/wpdrclo1/wp-content/plugins/google-analytics-for-wordpress/includes/admin/notifications.php(308): MonsterInsights_Notifications->fetch_feed()
#2 /home/stranke/drclo.si/wpdrclo1/wp-includes/class-wp-hook.php(287): MonsterInsights_Notifications->update()
#3 /home/stranke/drclo.si/wpdrclo1/wp-includes/class-wp-hook.php(311): WP_Hook->apply_filters('', Array)
#4 /home/stranke/drclo.si/wpdrclo1/wp-includes/plugin.php(544): WP_Hook->do_action(Array)
#5 /home/stranke/drclo.si/wpdrclo1/wp-cron.php(138): do_action_ref_array('monsterinsights...', Array)
#6 {main}
  thrown v /home/stranke/drclo.si/wpdrclo1/wp-content/plugins/google-analytics-for-wordpress/includes/admin/notifications.php v vrstici 162

2020-10-16T06:32:27+00:00 CRITICAL Uncaught Error: Call to undefined method MonsterInsights_License_Compat::get_license_type() in /home/stranke/drclo.si/wpdrclo1/wp-content/plugins/google-analytics-for-wordpress/includes/admin/notifications.php:162
Stack trace:
#0 /home/stranke/drclo.si/wpdrclo1/wp-content/plugins/google-analytics-for-wordpress/includes/admin/notifications.php(132): MonsterInsights_Notifications->verify(Array)
#1 /home/stranke/drclo.si/wpdrclo1/wp-content/plugins/google-analytics-for-wordpress/includes/admin/notifications.php(308): MonsterInsights_Notifications->fetch_feed()
#2 /home/stranke/drclo.si/wpdrclo1/wp-includes/class-wp-hook.php(287): MonsterInsights_Notifications->update()
#3 /home/stranke/drclo.si/wpdrclo1/wp-includes/class-wp-hook.php(311): WP_Hook->apply_filters('', Array)
#4 /home/stranke/drclo.si/wpdrclo1/wp-includes/plugin.php(544): WP_Hook->do_action(Array)
#5 /home/stranke/drclo.si/wpdrclo1/wp-cron.php(138): do_action_ref_array('monsterinsights...', Array)
#6 {main}
  thrown v /home/stranke/drclo.si/wpdrclo1/wp-content/plugins/google-analytics-for-wordpress/includes/admin/notifications.php v vrstici 162

2020-10-16T06:35:14+00:00 CRITICAL Uncaught Error: Call to undefined method MonsterInsights_License_Compat::get_license_type() in /home/stranke/drclo.si/wpdrclo1/wp-content/plugins/google-analytics-for-wordpress/includes/admin/notifications.php:162
Stack trace:
#0 /home/stranke/drclo.si/wpdrclo1/wp-content/plugins/google-analytics-for-wordpress/includes/admin/notifications.php(132): MonsterInsights_Notifications->verify(Array)
#1 /home/stranke/drclo.si/wpdrclo1/wp-content/plugins/google-analytics-for-wordpress/includes/admin/notifications.php(308): MonsterInsights_Notifications->fetch_feed()
#2 /home/stranke/drclo.si/wpdrclo1/wp-includes/class-wp-hook.php(287): MonsterInsights_Notifications->update()
#3 /home/stranke/drclo.si/wpdrclo1/wp-includes/class-wp-hook.php(311): WP_Hook->apply_filters('', Array)
#4 /home/stranke/drclo.si/wpdrclo1/wp-includes/plugin.php(544): WP_Hook->do_action(Array)
#5 /home/stranke/drclo.si/wpdrclo1/wp-cron.php(138): do_action_ref_array('monsterinsights...', Array)
#6 {main}
  thrown v /home/stranke/drclo.si/wpdrclo1/wp-content/plugins/google-analytics-for-wordpress/includes/admin/notifications.php v vrstici 162

2020-10-16T06:36:16+00:00 CRITICAL Uncaught Error: Call to undefined method MonsterInsights_License_Compat::get_license_type() in /home/stranke/drclo.si/wpdrclo1/wp-content/plugins/google-analytics-for-wordpress/includes/admin/notifications.php:162
Stack trace:
#0 /home/stranke/drclo.si/wpdrclo1/wp-content/plugins/google-analytics-for-wordpress/includes/admin/notifications.php(132): MonsterInsights_Notifications->verify(Array)
#1 /home/stranke/drclo.si/wpdrclo1/wp-content/plugins/google-analytics-for-wordpress/includes/admin/notifications.php(308): MonsterInsights_Notifications->fetch_feed()
#2 /home/stranke/drclo.si/wpdrclo1/wp-includes/class-wp-hook.php(287): MonsterInsights_Notifications->update()
#3 /home/stranke/drclo.si/wpdrclo1/wp-includes/class-wp-hook.php(311): WP_Hook->apply_filters('', Array)
#4 /home/stranke/drclo.si/wpdrclo1/wp-includes/plugin.php(544): WP_Hook->do_action(Array)
#5 /home/stranke/drclo.si/wpdrclo1/wp-cron.php(138): do_action_ref_array('monsterinsights...', Array)
#6 {main}
  thrown v /home/stranke/drclo.si/wpdrclo1/wp-content/plugins/google-analytics-for-wordpress/includes/admin/notifications.php v vrstici 162

2020-10-16T06:37:20+00:00 CRITICAL Uncaught Error: Call to undefined method MonsterInsights_License_Compat::get_license_type() in /home/stranke/drclo.si/wpdrclo1/wp-content/plugins/google-analytics-for-wordpress/includes/admin/notifications.php:162
Stack trace:
#0 /home/stranke/drclo.si/wpdrclo1/wp-content/plugins/google-analytics-for-wordpress/includes/admin/notifications.php(132): MonsterInsights_Notifications->verify(Array)
#1 /home/stranke/drclo.si/wpdrclo1/wp-content/plugins/google-analytics-for-wordpress/includes/admin/notifications.php(308): MonsterInsights_Notifications->fetch_feed()
#2 /home/stranke/drclo.si/wpdrclo1/wp-includes/class-wp-hook.php(287): MonsterInsights_Notifications->update()
#3 /home/stranke/drclo.si/wpdrclo1/wp-includes/class-wp-hook.php(311): WP_Hook->apply_filters('', Array)
#4 /home/stranke/drclo.si/wpdrclo1/wp-includes/plugin.php(544): WP_Hook->do_action(Array)
#5 /home/stranke/drclo.si/wpdrclo1/wp-cron.php(138): do_action_ref_array('monsterinsights...', Array)
#6 {main}
  thrown v /home/stranke/drclo.si/wpdrclo1/wp-content/plugins/google-analytics-for-wordpress/includes/admin/notifications.php v vrstici 162

2020-10-16T06:38:21+00:00 CRITICAL Uncaught Error: Call to undefined method MonsterInsights_License_Compat::get_license_type() in /home/stranke/drclo.si/wpdrclo1/wp-content/plugins/google-analytics-for-wordpress/includes/admin/notifications.php:162
Stack trace:
#0 /home/stranke/drclo.si/wpdrclo1/wp-content/plugins/google-analytics-for-wordpress/includes/admin/notifications.php(132): MonsterInsights_Notifications->verify(Array)
#1 /home/stranke/drclo.si/wpdrclo1/wp-content/plugins/google-analytics-for-wordpress/includes/admin/notifications.php(308): MonsterInsights_Notifications->fetch_feed()
#2 /home/stranke/drclo.si/wpdrclo1/wp-includes/class-wp-hook.php(287): MonsterInsights_Notifications->update()
#3 /home/stranke/drclo.si/wpdrclo1/wp-includes/class-wp-hook.php(311): WP_Hook->apply_filters('', Array)
#4 /home/stranke/drclo.si/wpdrclo1/wp-includes/plugin.php(544): WP_Hook->do_action(Array)
#5 /home/stranke/drclo.si/wpdrclo1/wp-cron.php(138): do_action_ref_array('monsterinsights...', Array)
#6 {main}
  thrown v /home/stranke/drclo.si/wpdrclo1/wp-content/plugins/google-analytics-for-wordpress/includes/admin/notifications.php v vrstici 162

2020-10-16T06:39:21+00:00 CRITICAL Uncaught Error: Call to undefined method MonsterInsights_License_Compat::get_license_type() in /home/stranke/drclo.si/wpdrclo1/wp-content/plugins/google-analytics-for-wordpress/includes/admin/notifications.php:162
Stack trace:
#0 /home/stranke/drclo.si/wpdrclo1/wp-content/plugins/google-analytics-for-wordpress/includes/admin/notifications.php(132): MonsterInsights_Notifications->verify(Array)
#1 /home/stranke/drclo.si/wpdrclo1/wp-content/plugins/google-analytics-for-wordpress/includes/admin/notifications.php(308): MonsterInsights_Notifications->fetch_feed()
#2 /home/stranke/drclo.si/wpdrclo1/wp-includes/class-wp-hook.php(287): MonsterInsights_Notifications->update()
#3 /home/stranke/drclo.si/wpdrclo1/wp-includes/class-wp-hook.php(311): WP_Hook->apply_filters('', Array)
#4 /home/stranke/drclo.si/wpdrclo1/wp-includes/plugin.php(544): WP_Hook->do_action(Array)
#5 /home/stranke/drclo.si/wpdrclo1/wp-cron.php(138): do_action_ref_array('monsterinsights...', Array)
#6 {main}
  thrown v /home/stranke/drclo.si/wpdrclo1/wp-content/plugins/google-analytics-for-wordpress/includes/admin/notifications.php v vrstici 162

2020-10-16T06:40:26+00:00 CRITICAL Uncaught Error: Call to undefined method MonsterInsights_License_Compat::get_license_type() in /home/stranke/drclo.si/wpdrclo1/wp-content/plugins/google-analytics-for-wordpress/includes/admin/notifications.php:162
Stack trace:
#0 /home/stranke/drclo.si/wpdrclo1/wp-content/plugins/google-analytics-for-wordpress/includes/admin/notifications.php(132): MonsterInsights_Notifications->verify(Array)
#1 /home/stranke/drclo.si/wpdrclo1/wp-content/plugins/google-analytics-for-wordpress/includes/admin/notifications.php(308): MonsterInsights_Notifications->fetch_feed()
#2 /home/stranke/drclo.si/wpdrclo1/wp-includes/class-wp-hook.php(287): MonsterInsights_Notifications->update()
#3 /home/stranke/drclo.si/wpdrclo1/wp-includes/class-wp-hook.php(311): WP_Hook->apply_filters('', Array)
#4 /home/stranke/drclo.si/wpdrclo1/wp-includes/plugin.php(544): WP_Hook->do_action(Array)
#5 /home/stranke/drclo.si/wpdrclo1/wp-cron.php(138): do_action_ref_array('monsterinsights...', Array)
#6 {main}
  thrown v /home/stranke/drclo.si/wpdrclo1/wp-content/plugins/google-analytics-for-wordpress/includes/admin/notifications.php v vrstici 162

2020-10-16T06:41:49+00:00 CRITICAL Uncaught Error: Call to undefined method MonsterInsights_License_Compat::get_license_type() in /home/stranke/drclo.si/wpdrclo1/wp-content/plugins/google-analytics-for-wordpress/includes/admin/notifications.php:162
Stack trace:
#0 /home/stranke/drclo.si/wpdrclo1/wp-content/plugins/google-analytics-for-wordpress/includes/admin/notifications.php(132): MonsterInsights_Notifications->verify(Array)
#1 /home/stranke/drclo.si/wpdrclo1/wp-content/plugins/google-analytics-for-wordpress/includes/admin/notifications.php(308): MonsterInsights_Notifications->fetch_feed()
#2 /home/stranke/drclo.si/wpdrclo1/wp-includes/class-wp-hook.php(287): MonsterInsights_Notifications->update()
#3 /home/stranke/drclo.si/wpdrclo1/wp-includes/class-wp-hook.php(311): WP_Hook->apply_filters('', Array)
#4 /home/stranke/drclo.si/wpdrclo1/wp-includes/plugin.php(544): WP_Hook->do_action(Array)
#5 /home/stranke/drclo.si/wpdrclo1/wp-cron.php(138): do_action_ref_array('monsterinsights...', Array)
#6 {main}
  thrown v /home/stranke/drclo.si/wpdrclo1/wp-content/plugins/google-analytics-for-wordpress/includes/admin/notifications.php v vrstici 162

2020-10-16T06:42:45+00:00 CRITICAL Uncaught Error: Call to undefined method MonsterInsights_License_Compat::get_license_type() in /home/stranke/drclo.si/wpdrclo1/wp-content/plugins/google-analytics-for-wordpress/includes/admin/notifications.php:162
Stack trace:
#0 /home/stranke/drclo.si/wpdrclo1/wp-content/plugins/google-analytics-for-wordpress/includes/admin/notifications.php(132): MonsterInsights_Notifications->verify(Array)
#1 /home/stranke/drclo.si/wpdrclo1/wp-content/plugins/google-analytics-for-wordpress/includes/admin/notifications.php(308): MonsterInsights_Notifications->fetch_feed()
#2 /home/stranke/drclo.si/wpdrclo1/wp-includes/class-wp-hook.php(287): MonsterInsights_Notifications->update()
#3 /home/stranke/drclo.si/wpdrclo1/wp-includes/class-wp-hook.php(311): WP_Hook->apply_filters('', Array)
#4 /home/stranke/drclo.si/wpdrclo1/wp-includes/plugin.php(544): WP_Hook->do_action(Array)
#5 /home/stranke/drclo.si/wpdrclo1/wp-cron.php(138): do_action_ref_array('monsterinsights...', Array)
#6 {main}
  thrown v /home/stranke/drclo.si/wpdrclo1/wp-content/plugins/google-analytics-for-wordpress/includes/admin/notifications.php v vrstici 162

2020-10-16T06:44:59+00:00 CRITICAL Uncaught Error: Call to undefined method MonsterInsights_License_Compat::get_license_type() in /home/stranke/drclo.si/wpdrclo1/wp-content/plugins/google-analytics-for-wordpress/includes/admin/notifications.php:162
Stack trace:
#0 /home/stranke/drclo.si/wpdrclo1/wp-content/plugins/google-analytics-for-wordpress/includes/admin/notifications.php(132): MonsterInsights_Notifications->verify(Array)
#1 /home/stranke/drclo.si/wpdrclo1/wp-content/plugins/google-analytics-for-wordpress/includes/admin/notifications.php(308): MonsterInsights_Notifications->fetch_feed()
#2 /home/stranke/drclo.si/wpdrclo1/wp-includes/class-wp-hook.php(287): MonsterInsights_Notifications->update()
#3 /home/stranke/drclo.si/wpdrclo1/wp-includes/class-wp-hook.php(311): WP_Hook->apply_filters('', Array)
#4 /home/stranke/drclo.si/wpdrclo1/wp-includes/plugin.php(544): WP_Hook->do_action(Array)
#5 /home/stranke/drclo.si/wpdrclo1/wp-cron.php(138): do_action_ref_array('monsterinsights...', Array)
#6 {main}
  thrown v /home/stranke/drclo.si/wpdrclo1/wp-content/plugins/google-analytics-for-wordpress/includes/admin/notifications.php v vrstici 162

2020-10-16T06:46:11+00:00 CRITICAL Uncaught Error: Call to undefined method MonsterInsights_License_Compat::get_license_type() in /home/stranke/drclo.si/wpdrclo1/wp-content/plugins/google-analytics-for-wordpress/includes/admin/notifications.php:162
Stack trace:
#0 /home/stranke/drclo.si/wpdrclo1/wp-content/plugins/google-analytics-for-wordpress/includes/admin/notifications.php(132): MonsterInsights_Notifications->verify(Array)
#1 /home/stranke/drclo.si/wpdrclo1/wp-content/plugins/google-analytics-for-wordpress/includes/admin/notifications.php(308): MonsterInsights_Notifications->fetch_feed()
#2 /home/stranke/drclo.si/wpdrclo1/wp-includes/class-wp-hook.php(287): MonsterInsights_Notifications->update()
#3 /home/stranke/drclo.si/wpdrclo1/wp-includes/class-wp-hook.php(311): WP_Hook->apply_filters('', Array)
#4 /home/stranke/drclo.si/wpdrclo1/wp-includes/plugin.php(544): WP_Hook->do_action(Array)
#5 /home/stranke/drclo.si/wpdrclo1/wp-cron.php(138): do_action_ref_array('monsterinsights...', Array)
#6 {main}
  thrown v /home/stranke/drclo.si/wpdrclo1/wp-content/plugins/google-analytics-for-wordpress/includes/admin/notifications.php v vrstici 162

2020-10-16T06:48:49+00:00 CRITICAL Uncaught Error: Call to undefined method MonsterInsights_License_Compat::get_license_type() in /home/stranke/drclo.si/wpdrclo1/wp-content/plugins/google-analytics-for-wordpress/includes/admin/notifications.php:162
Stack trace:
#0 /home/stranke/drclo.si/wpdrclo1/wp-content/plugins/google-analytics-for-wordpress/includes/admin/notifications.php(132): MonsterInsights_Notifications->verify(Array)
#1 /home/stranke/drclo.si/wpdrclo1/wp-content/plugins/google-analytics-for-wordpress/includes/admin/notifications.php(308): MonsterInsights_Notifications->fetch_feed()
#2 /home/stranke/drclo.si/wpdrclo1/wp-includes/class-wp-hook.php(287): MonsterInsights_Notifications->update()
#3 /home/stranke/drclo.si/wpdrclo1/wp-includes/class-wp-hook.php(311): WP_Hook->apply_filters('', Array)
#4 /home/stranke/drclo.si/wpdrclo1/wp-includes/plugin.php(544): WP_Hook->do_action(Array)
#5 /home/stranke/drclo.si/wpdrclo1/wp-cron.php(138): do_action_ref_array('monsterinsights...', Array)
#6 {main}
  thrown v /home/stranke/drclo.si/wpdrclo1/wp-content/plugins/google-analytics-for-wordpress/includes/admin/notifications.php v vrstici 162

2020-10-16T06:49:57+00:00 CRITICAL Uncaught Error: Call to undefined method MonsterInsights_License_Compat::get_license_type() in /home/stranke/drclo.si/wpdrclo1/wp-content/plugins/google-analytics-for-wordpress/includes/admin/notifications.php:162
Stack trace:
#0 /home/stranke/drclo.si/wpdrclo1/wp-content/plugins/google-analytics-for-wordpress/includes/admin/notifications.php(132): MonsterInsights_Notifications->verify(Array)
#1 /home/stranke/drclo.si/wpdrclo1/wp-content/plugins/google-analytics-for-wordpress/includes/admin/notifications.php(308): MonsterInsights_Notifications->fetch_feed()
#2 /home/stranke/drclo.si/wpdrclo1/wp-includes/class-wp-hook.php(287): MonsterInsights_Notifications->update()
#3 /home/stranke/drclo.si/wpdrclo1/wp-includes/class-wp-hook.php(311): WP_Hook->apply_filters('', Array)
#4 /home/stranke/drclo.si/wpdrclo1/wp-includes/plugin.php(544): WP_Hook->do_action(Array)
#5 /home/stranke/drclo.si/wpdrclo1/wp-cron.php(138): do_action_ref_array('monsterinsights...', Array)
#6 {main}
  thrown v /home/stranke/drclo.si/wpdrclo1/wp-content/plugins/google-analytics-for-wordpress/includes/admin/notifications.php v vrstici 162

2020-10-16T06:51:07+00:00 CRITICAL Uncaught Error: Call to undefined method MonsterInsights_License_Compat::get_license_type() in /home/stranke/drclo.si/wpdrclo1/wp-content/plugins/google-analytics-for-wordpress/includes/admin/notifications.php:162
Stack trace:
#0 /home/stranke/drclo.si/wpdrclo1/wp-content/plugins/google-analytics-for-wordpress/includes/admin/notifications.php(132): MonsterInsights_Notifications->verify(Array)
#1 /home/stranke/drclo.si/wpdrclo1/wp-content/plugins/google-analytics-for-wordpress/includes/admin/notifications.php(308): MonsterInsights_Notifications->fetch_feed()
#2 /home/stranke/drclo.si/wpdrclo1/wp-includes/class-wp-hook.php(287): MonsterInsights_Notifications->update()
#3 /home/stranke/drclo.si/wpdrclo1/wp-includes/class-wp-hook.php(311): WP_Hook->apply_filters('', Array)
#4 /home/stranke/drclo.si/wpdrclo1/wp-includes/plugin.php(544): WP_Hook->do_action(Array)
#5 /home/stranke/drclo.si/wpdrclo1/wp-cron.php(138): do_action_ref_array('monsterinsights...', Array)
#6 {main}
  thrown v /home/stranke/drclo.si/wpdrclo1/wp-content/plugins/google-analytics-for-wordpress/includes/admin/notifications.php v vrstici 162

2020-10-16T06:52:14+00:00 CRITICAL Uncaught Error: Call to undefined method MonsterInsights_License_Compat::get_license_type() in /home/stranke/drclo.si/wpdrclo1/wp-content/plugins/google-analytics-for-wordpress/includes/admin/notifications.php:162
Stack trace:
#0 /home/stranke/drclo.si/wpdrclo1/wp-content/plugins/google-analytics-for-wordpress/includes/admin/notifications.php(132): MonsterInsights_Notifications->verify(Array)
#1 /home/stranke/drclo.si/wpdrclo1/wp-content/plugins/google-analytics-for-wordpress/includes/admin/notifications.php(308): MonsterInsights_Notifications->fetch_feed()
#2 /home/stranke/drclo.si/wpdrclo1/wp-includes/class-wp-hook.php(287): MonsterInsights_Notifications->update()
#3 /home/stranke/drclo.si/wpdrclo1/wp-includes/class-wp-hook.php(311): WP_Hook->apply_filters('', Array)
#4 /home/stranke/drclo.si/wpdrclo1/wp-includes/plugin.php(544): WP_Hook->do_action(Array)
#5 /home/stranke/drclo.si/wpdrclo1/wp-cron.php(138): do_action_ref_array('monsterinsights...', Array)
#6 {main}
  thrown v /home/stranke/drclo.si/wpdrclo1/wp-content/plugins/google-analytics-for-wordpress/includes/admin/notifications.php v vrstici 162

2020-10-16T06:53:24+00:00 CRITICAL Uncaught Error: Call to undefined method MonsterInsights_License_Compat::get_license_type() in /home/stranke/drclo.si/wpdrclo1/wp-content/plugins/google-analytics-for-wordpress/includes/admin/notifications.php:162
Stack trace:
#0 /home/stranke/drclo.si/wpdrclo1/wp-content/plugins/google-analytics-for-wordpress/includes/admin/notifications.php(132): MonsterInsights_Notifications->verify(Array)
#1 /home/stranke/drclo.si/wpdrclo1/wp-content/plugins/google-analytics-for-wordpress/includes/admin/notifications.php(308): MonsterInsights_Notifications->fetch_feed()
#2 /home/stranke/drclo.si/wpdrclo1/wp-includes/class-wp-hook.php(287): MonsterInsights_Notifications->update()
#3 /home/stranke/drclo.si/wpdrclo1/wp-includes/class-wp-hook.php(311): WP_Hook->apply_filters('', Array)
#4 /home/stranke/drclo.si/wpdrclo1/wp-includes/plugin.php(544): WP_Hook->do_action(Array)
#5 /home/stranke/drclo.si/wpdrclo1/wp-cron.php(138): do_action_ref_array('monsterinsights...', Array)
#6 {main}
  thrown v /home/stranke/drclo.si/wpdrclo1/wp-content/plugins/google-analytics-for-wordpress/includes/admin/notifications.php v vrstici 162

2020-10-16T06:54:24+00:00 CRITICAL Uncaught Error: Call to undefined method MonsterInsights_License_Compat::get_license_type() in /home/stranke/drclo.si/wpdrclo1/wp-content/plugins/google-analytics-for-wordpress/includes/admin/notifications.php:162
Stack trace:
#0 /home/stranke/drclo.si/wpdrclo1/wp-content/plugins/google-analytics-for-wordpress/includes/admin/notifications.php(132): MonsterInsights_Notifications->verify(Array)
#1 /home/stranke/drclo.si/wpdrclo1/wp-content/plugins/google-analytics-for-wordpress/includes/admin/notifications.php(308): MonsterInsights_Notifications->fetch_feed()
#2 /home/stranke/drclo.si/wpdrclo1/wp-includes/class-wp-hook.php(287): MonsterInsights_Notifications->update()
#3 /home/stranke/drclo.si/wpdrclo1/wp-includes/class-wp-hook.php(311): WP_Hook->apply_filters('', Array)
#4 /home/stranke/drclo.si/wpdrclo1/wp-includes/plugin.php(544): WP_Hook->do_action(Array)
#5 /home/stranke/drclo.si/wpdrclo1/wp-cron.php(138): do_action_ref_array('monsterinsights...', Array)
#6 {main}
  thrown v /home/stranke/drclo.si/wpdrclo1/wp-content/plugins/google-analytics-for-wordpress/includes/admin/notifications.php v vrstici 162

2020-10-16T06:56:16+00:00 CRITICAL Uncaught Error: Call to undefined method MonsterInsights_License_Compat::get_license_type() in /home/stranke/drclo.si/wpdrclo1/wp-content/plugins/google-analytics-for-wordpress/includes/admin/notifications.php:162
Stack trace:
#0 /home/stranke/drclo.si/wpdrclo1/wp-content/plugins/google-analytics-for-wordpress/includes/admin/notifications.php(132): MonsterInsights_Notifications->verify(Array)
#1 /home/stranke/drclo.si/wpdrclo1/wp-content/plugins/google-analytics-for-wordpress/includes/admin/notifications.php(308): MonsterInsights_Notifications->fetch_feed()
#2 /home/stranke/drclo.si/wpdrclo1/wp-includes/class-wp-hook.php(287): MonsterInsights_Notifications->update()
#3 /home/stranke/drclo.si/wpdrclo1/wp-includes/class-wp-hook.php(311): WP_Hook->apply_filters('', Array)
#4 /home/stranke/drclo.si/wpdrclo1/wp-includes/plugin.php(544): WP_Hook->do_action(Array)
#5 /home/stranke/drclo.si/wpdrclo1/wp-cron.php(138): do_action_ref_array('monsterinsights...', Array)
#6 {main}
  thrown v /home/stranke/drclo.si/wpdrclo1/wp-content/plugins/google-analytics-for-wordpress/includes/admin/notifications.php v vrstici 162

2020-10-16T10:20:14+00:00 CRITICAL Uncaught Error: Call to undefined method MonsterInsights_License_Compat::get_license_type() in /home/stranke/drclo.si/wpdrclo1/wp-content/plugins/google-analytics-for-wordpress/includes/admin/notifications.php:162
Stack trace:
#0 /home/stranke/drclo.si/wpdrclo1/wp-content/plugins/google-analytics-for-wordpress/includes/admin/notifications.php(132): MonsterInsights_Notifications->verify(Array)
#1 /home/stranke/drclo.si/wpdrclo1/wp-content/plugins/google-analytics-for-wordpress/includes/admin/notifications.php(308): MonsterInsights_Notifications->fetch_feed()
#2 /home/stranke/drclo.si/wpdrclo1/wp-includes/class-wp-hook.php(287): MonsterInsights_Notifications->update()
#3 /home/stranke/drclo.si/wpdrclo1/wp-includes/class-wp-hook.php(311): WP_Hook->apply_filters('', Array)
#4 /home/stranke/drclo.si/wpdrclo1/wp-includes/plugin.php(544): WP_Hook->do_action(Array)
#5 /home/stranke/drclo.si/wpdrclo1/wp-cron.php(138): do_action_ref_array('monsterinsights...', Array)
#6 {main}
  thrown v /home/stranke/drclo.si/wpdrclo1/wp-content/plugins/google-analytics-for-wordpress/includes/admin/notifications.php v vrstici 162

