2020-10-09T12:12:25+00:00 CRITICAL Uncaught Error: Call to undefined method MonsterInsights_License_Compat::get_license_type() in /home/stranke/drclo.si/wpdrclo1/wp-content/plugins/google-analytics-for-wordpress/includes/admin/notifications.php:162
Stack trace:
#0 /home/stranke/drclo.si/wpdrclo1/wp-content/plugins/google-analytics-for-wordpress/includes/admin/notifications.php(132): MonsterInsights_Notifications->verify(Array)
#1 /home/stranke/drclo.si/wpdrclo1/wp-content/plugins/google-analytics-for-wordpress/includes/admin/notifications.php(308): MonsterInsights_Notifications->fetch_feed()
#2 /home/stranke/drclo.si/wpdrclo1/wp-includes/class-wp-hook.php(287): MonsterInsights_Notifications->update()
#3 /home/stranke/drclo.si/wpdrclo1/wp-includes/class-wp-hook.php(311): WP_Hook->apply_filters('', Array)
#4 /home/stranke/drclo.si/wpdrclo1/wp-includes/plugin.php(544): WP_Hook->do_action(Array)
#5 /home/stranke/drclo.si/wpdrclo1/wp-cron.php(138): do_action_ref_array('monsterinsights...', Array)
#6 {main}
  thrown v /home/stranke/drclo.si/wpdrclo1/wp-content/plugins/google-analytics-for-wordpress/includes/admin/notifications.php v vrstici 162

2020-10-09T12:13:30+00:00 CRITICAL Uncaught Error: Call to undefined method MonsterInsights_License_Compat::get_license_type() in /home/stranke/drclo.si/wpdrclo1/wp-content/plugins/google-analytics-for-wordpress/includes/admin/notifications.php:162
Stack trace:
#0 /home/stranke/drclo.si/wpdrclo1/wp-content/plugins/google-analytics-for-wordpress/includes/admin/notifications.php(132): MonsterInsights_Notifications->verify(Array)
#1 /home/stranke/drclo.si/wpdrclo1/wp-content/plugins/google-analytics-for-wordpress/includes/admin/notifications.php(308): MonsterInsights_Notifications->fetch_feed()
#2 /home/stranke/drclo.si/wpdrclo1/wp-includes/class-wp-hook.php(287): MonsterInsights_Notifications->update()
#3 /home/stranke/drclo.si/wpdrclo1/wp-includes/class-wp-hook.php(311): WP_Hook->apply_filters('', Array)
#4 /home/stranke/drclo.si/wpdrclo1/wp-includes/plugin.php(544): WP_Hook->do_action(Array)
#5 /home/stranke/drclo.si/wpdrclo1/wp-cron.php(138): do_action_ref_array('monsterinsights...', Array)
#6 {main}
  thrown v /home/stranke/drclo.si/wpdrclo1/wp-content/plugins/google-analytics-for-wordpress/includes/admin/notifications.php v vrstici 162

2020-10-09T12:14:37+00:00 CRITICAL Uncaught Error: Call to undefined method MonsterInsights_License_Compat::get_license_type() in /home/stranke/drclo.si/wpdrclo1/wp-content/plugins/google-analytics-for-wordpress/includes/admin/notifications.php:162
Stack trace:
#0 /home/stranke/drclo.si/wpdrclo1/wp-content/plugins/google-analytics-for-wordpress/includes/admin/notifications.php(132): MonsterInsights_Notifications->verify(Array)
#1 /home/stranke/drclo.si/wpdrclo1/wp-content/plugins/google-analytics-for-wordpress/includes/admin/notifications.php(308): MonsterInsights_Notifications->fetch_feed()
#2 /home/stranke/drclo.si/wpdrclo1/wp-includes/class-wp-hook.php(287): MonsterInsights_Notifications->update()
#3 /home/stranke/drclo.si/wpdrclo1/wp-includes/class-wp-hook.php(311): WP_Hook->apply_filters('', Array)
#4 /home/stranke/drclo.si/wpdrclo1/wp-includes/plugin.php(544): WP_Hook->do_action(Array)
#5 /home/stranke/drclo.si/wpdrclo1/wp-cron.php(138): do_action_ref_array('monsterinsights...', Array)
#6 {main}
  thrown v /home/stranke/drclo.si/wpdrclo1/wp-content/plugins/google-analytics-for-wordpress/includes/admin/notifications.php v vrstici 162

2020-10-09T12:16:35+00:00 CRITICAL Uncaught Error: Call to undefined method MonsterInsights_License_Compat::get_license_type() in /home/stranke/drclo.si/wpdrclo1/wp-content/plugins/google-analytics-for-wordpress/includes/admin/notifications.php:162
Stack trace:
#0 /home/stranke/drclo.si/wpdrclo1/wp-content/plugins/google-analytics-for-wordpress/includes/admin/notifications.php(132): MonsterInsights_Notifications->verify(Array)
#1 /home/stranke/drclo.si/wpdrclo1/wp-content/plugins/google-analytics-for-wordpress/includes/admin/notifications.php(308): MonsterInsights_Notifications->fetch_feed()
#2 /home/stranke/drclo.si/wpdrclo1/wp-includes/class-wp-hook.php(287): MonsterInsights_Notifications->update()
#3 /home/stranke/drclo.si/wpdrclo1/wp-includes/class-wp-hook.php(311): WP_Hook->apply_filters('', Array)
#4 /home/stranke/drclo.si/wpdrclo1/wp-includes/plugin.php(544): WP_Hook->do_action(Array)
#5 /home/stranke/drclo.si/wpdrclo1/wp-cron.php(138): do_action_ref_array('monsterinsights...', Array)
#6 {main}
  thrown v /home/stranke/drclo.si/wpdrclo1/wp-content/plugins/google-analytics-for-wordpress/includes/admin/notifications.php v vrstici 162

2020-10-09T12:24:14+00:00 CRITICAL Uncaught Error: Call to undefined method MonsterInsights_License_Compat::get_license_type() in /home/stranke/drclo.si/wpdrclo1/wp-content/plugins/google-analytics-for-wordpress/includes/admin/notifications.php:162
Stack trace:
#0 /home/stranke/drclo.si/wpdrclo1/wp-content/plugins/google-analytics-for-wordpress/includes/admin/notifications.php(132): MonsterInsights_Notifications->verify(Array)
#1 /home/stranke/drclo.si/wpdrclo1/wp-content/plugins/google-analytics-for-wordpress/includes/admin/notifications.php(308): MonsterInsights_Notifications->fetch_feed()
#2 /home/stranke/drclo.si/wpdrclo1/wp-includes/class-wp-hook.php(287): MonsterInsights_Notifications->update()
#3 /home/stranke/drclo.si/wpdrclo1/wp-includes/class-wp-hook.php(311): WP_Hook->apply_filters('', Array)
#4 /home/stranke/drclo.si/wpdrclo1/wp-includes/plugin.php(544): WP_Hook->do_action(Array)
#5 /home/stranke/drclo.si/wpdrclo1/wp-cron.php(138): do_action_ref_array('monsterinsights...', Array)
#6 {main}
  thrown v /home/stranke/drclo.si/wpdrclo1/wp-content/plugins/google-analytics-for-wordpress/includes/admin/notifications.php v vrstici 162

2020-10-09T12:25:17+00:00 CRITICAL Uncaught Error: Call to undefined method MonsterInsights_License_Compat::get_license_type() in /home/stranke/drclo.si/wpdrclo1/wp-content/plugins/google-analytics-for-wordpress/includes/admin/notifications.php:162
Stack trace:
#0 /home/stranke/drclo.si/wpdrclo1/wp-content/plugins/google-analytics-for-wordpress/includes/admin/notifications.php(132): MonsterInsights_Notifications->verify(Array)
#1 /home/stranke/drclo.si/wpdrclo1/wp-content/plugins/google-analytics-for-wordpress/includes/admin/notifications.php(308): MonsterInsights_Notifications->fetch_feed()
#2 /home/stranke/drclo.si/wpdrclo1/wp-includes/class-wp-hook.php(287): MonsterInsights_Notifications->update()
#3 /home/stranke/drclo.si/wpdrclo1/wp-includes/class-wp-hook.php(311): WP_Hook->apply_filters('', Array)
#4 /home/stranke/drclo.si/wpdrclo1/wp-includes/plugin.php(544): WP_Hook->do_action(Array)
#5 /home/stranke/drclo.si/wpdrclo1/wp-cron.php(138): do_action_ref_array('monsterinsights...', Array)
#6 {main}
  thrown v /home/stranke/drclo.si/wpdrclo1/wp-content/plugins/google-analytics-for-wordpress/includes/admin/notifications.php v vrstici 162

2020-10-09T12:26:21+00:00 CRITICAL Uncaught Error: Call to undefined method MonsterInsights_License_Compat::get_license_type() in /home/stranke/drclo.si/wpdrclo1/wp-content/plugins/google-analytics-for-wordpress/includes/admin/notifications.php:162
Stack trace:
#0 /home/stranke/drclo.si/wpdrclo1/wp-content/plugins/google-analytics-for-wordpress/includes/admin/notifications.php(132): MonsterInsights_Notifications->verify(Array)
#1 /home/stranke/drclo.si/wpdrclo1/wp-content/plugins/google-analytics-for-wordpress/includes/admin/notifications.php(308): MonsterInsights_Notifications->fetch_feed()
#2 /home/stranke/drclo.si/wpdrclo1/wp-includes/class-wp-hook.php(287): MonsterInsights_Notifications->update()
#3 /home/stranke/drclo.si/wpdrclo1/wp-includes/class-wp-hook.php(311): WP_Hook->apply_filters('', Array)
#4 /home/stranke/drclo.si/wpdrclo1/wp-includes/plugin.php(544): WP_Hook->do_action(Array)
#5 /home/stranke/drclo.si/wpdrclo1/wp-cron.php(138): do_action_ref_array('monsterinsights...', Array)
#6 {main}
  thrown v /home/stranke/drclo.si/wpdrclo1/wp-content/plugins/google-analytics-for-wordpress/includes/admin/notifications.php v vrstici 162

2020-10-09T12:27:35+00:00 CRITICAL Uncaught Error: Call to undefined method MonsterInsights_License_Compat::get_license_type() in /home/stranke/drclo.si/wpdrclo1/wp-content/plugins/google-analytics-for-wordpress/includes/admin/notifications.php:162
Stack trace:
#0 /home/stranke/drclo.si/wpdrclo1/wp-content/plugins/google-analytics-for-wordpress/includes/admin/notifications.php(132): MonsterInsights_Notifications->verify(Array)
#1 /home/stranke/drclo.si/wpdrclo1/wp-content/plugins/google-analytics-for-wordpress/includes/admin/notifications.php(308): MonsterInsights_Notifications->fetch_feed()
#2 /home/stranke/drclo.si/wpdrclo1/wp-includes/class-wp-hook.php(287): MonsterInsights_Notifications->update()
#3 /home/stranke/drclo.si/wpdrclo1/wp-includes/class-wp-hook.php(311): WP_Hook->apply_filters('', Array)
#4 /home/stranke/drclo.si/wpdrclo1/wp-includes/plugin.php(544): WP_Hook->do_action(Array)
#5 /home/stranke/drclo.si/wpdrclo1/wp-cron.php(138): do_action_ref_array('monsterinsights...', Array)
#6 {main}
  thrown v /home/stranke/drclo.si/wpdrclo1/wp-content/plugins/google-analytics-for-wordpress/includes/admin/notifications.php v vrstici 162

2020-10-09T12:30:01+00:00 CRITICAL Uncaught Error: Call to undefined method MonsterInsights_License_Compat::get_license_type() in /home/stranke/drclo.si/wpdrclo1/wp-content/plugins/google-analytics-for-wordpress/includes/admin/notifications.php:162
Stack trace:
#0 /home/stranke/drclo.si/wpdrclo1/wp-content/plugins/google-analytics-for-wordpress/includes/admin/notifications.php(132): MonsterInsights_Notifications->verify(Array)
#1 /home/stranke/drclo.si/wpdrclo1/wp-content/plugins/google-analytics-for-wordpress/includes/admin/notifications.php(308): MonsterInsights_Notifications->fetch_feed()
#2 /home/stranke/drclo.si/wpdrclo1/wp-includes/class-wp-hook.php(287): MonsterInsights_Notifications->update()
#3 /home/stranke/drclo.si/wpdrclo1/wp-includes/class-wp-hook.php(311): WP_Hook->apply_filters('', Array)
#4 /home/stranke/drclo.si/wpdrclo1/wp-includes/plugin.php(544): WP_Hook->do_action(Array)
#5 /home/stranke/drclo.si/wpdrclo1/wp-cron.php(138): do_action_ref_array('monsterinsights...', Array)
#6 {main}
  thrown v /home/stranke/drclo.si/wpdrclo1/wp-content/plugins/google-analytics-for-wordpress/includes/admin/notifications.php v vrstici 162

2020-10-09T12:31:14+00:00 CRITICAL Uncaught Error: Call to undefined method MonsterInsights_License_Compat::get_license_type() in /home/stranke/drclo.si/wpdrclo1/wp-content/plugins/google-analytics-for-wordpress/includes/admin/notifications.php:162
Stack trace:
#0 /home/stranke/drclo.si/wpdrclo1/wp-content/plugins/google-analytics-for-wordpress/includes/admin/notifications.php(132): MonsterInsights_Notifications->verify(Array)
#1 /home/stranke/drclo.si/wpdrclo1/wp-content/plugins/google-analytics-for-wordpress/includes/admin/notifications.php(308): MonsterInsights_Notifications->fetch_feed()
#2 /home/stranke/drclo.si/wpdrclo1/wp-includes/class-wp-hook.php(287): MonsterInsights_Notifications->update()
#3 /home/stranke/drclo.si/wpdrclo1/wp-includes/class-wp-hook.php(311): WP_Hook->apply_filters('', Array)
#4 /home/stranke/drclo.si/wpdrclo1/wp-includes/plugin.php(544): WP_Hook->do_action(Array)
#5 /home/stranke/drclo.si/wpdrclo1/wp-cron.php(138): do_action_ref_array('monsterinsights...', Array)
#6 {main}
  thrown v /home/stranke/drclo.si/wpdrclo1/wp-content/plugins/google-analytics-for-wordpress/includes/admin/notifications.php v vrstici 162

2020-10-09T12:32:17+00:00 CRITICAL Uncaught Error: Call to undefined method MonsterInsights_License_Compat::get_license_type() in /home/stranke/drclo.si/wpdrclo1/wp-content/plugins/google-analytics-for-wordpress/includes/admin/notifications.php:162
Stack trace:
#0 /home/stranke/drclo.si/wpdrclo1/wp-content/plugins/google-analytics-for-wordpress/includes/admin/notifications.php(132): MonsterInsights_Notifications->verify(Array)
#1 /home/stranke/drclo.si/wpdrclo1/wp-content/plugins/google-analytics-for-wordpress/includes/admin/notifications.php(308): MonsterInsights_Notifications->fetch_feed()
#2 /home/stranke/drclo.si/wpdrclo1/wp-includes/class-wp-hook.php(287): MonsterInsights_Notifications->update()
#3 /home/stranke/drclo.si/wpdrclo1/wp-includes/class-wp-hook.php(311): WP_Hook->apply_filters('', Array)
#4 /home/stranke/drclo.si/wpdrclo1/wp-includes/plugin.php(544): WP_Hook->do_action(Array)
#5 /home/stranke/drclo.si/wpdrclo1/wp-cron.php(138): do_action_ref_array('monsterinsights...', Array)
#6 {main}
  thrown v /home/stranke/drclo.si/wpdrclo1/wp-content/plugins/google-analytics-for-wordpress/includes/admin/notifications.php v vrstici 162

2020-10-09T12:34:00+00:00 CRITICAL Uncaught Error: Call to undefined method MonsterInsights_License_Compat::get_license_type() in /home/stranke/drclo.si/wpdrclo1/wp-content/plugins/google-analytics-for-wordpress/includes/admin/notifications.php:162
Stack trace:
#0 /home/stranke/drclo.si/wpdrclo1/wp-content/plugins/google-analytics-for-wordpress/includes/admin/notifications.php(132): MonsterInsights_Notifications->verify(Array)
#1 /home/stranke/drclo.si/wpdrclo1/wp-content/plugins/google-analytics-for-wordpress/includes/admin/notifications.php(308): MonsterInsights_Notifications->fetch_feed()
#2 /home/stranke/drclo.si/wpdrclo1/wp-includes/class-wp-hook.php(287): MonsterInsights_Notifications->update()
#3 /home/stranke/drclo.si/wpdrclo1/wp-includes/class-wp-hook.php(311): WP_Hook->apply_filters('', Array)
#4 /home/stranke/drclo.si/wpdrclo1/wp-includes/plugin.php(544): WP_Hook->do_action(Array)
#5 /home/stranke/drclo.si/wpdrclo1/wp-cron.php(138): do_action_ref_array('monsterinsights...', Array)
#6 {main}
  thrown v /home/stranke/drclo.si/wpdrclo1/wp-content/plugins/google-analytics-for-wordpress/includes/admin/notifications.php v vrstici 162

