[2020-08-14 05:44:16 : INFO] - Re_Smush_It_Task with attachment ID : 1584, autocreated on : August 14, 2020 05:44:15 
[2020-08-14 05:44:23 : INFO] - Re_Smush_It_Task with attachment ID : 1585, autocreated on : August 14, 2020 05:44:23 
[2020-08-14 05:49:20 : INFO] - 
 
[2020-08-14 05:49:20 : INFO] - Header for logs at time:  Fri, 14 Aug 2020 05:49:20 +0000 on https://www.drclo.si/wpdrclo1 
[2020-08-14 05:49:20 : INFO] - WP: 5.4.2 
[2020-08-14 05:49:20 : INFO] - PHP: 7.3.13 (fpm-fcgi, Linux vmi237966.contaboserver.net 3.10.0-1062.9.1.el7.x86_64 #1 SMP Fri Dec 6 15:49:49 UTC 2019 x86_64) 
[2020-08-14 05:49:20 : INFO] - MySQL: 5.5.5 
[2020-08-14 05:49:20 : INFO] - WPLANG: sl_SI 
[2020-08-14 05:49:20 : INFO] - Server: Apache/2.4.39 (Unix) OpenSSL/1.0.2k-fips 
[2020-08-14 05:49:20 : INFO] - Outbound connections: N 
[2020-08-14 05:49:20 : INFO] - safe_mode: 0 
[2020-08-14 05:49:20 : INFO] - max_execution_time: 1200 
[2020-08-14 05:49:20 : INFO] - memory_limit: 256M (used: 27.8M | 30M) 
[2020-08-14 05:49:20 : INFO] - multisite: N 
[2020-08-14 05:49:20 : INFO] - openssl: OpenSSL 1.0.2k  26 Jan 2017 
[2020-08-14 05:49:20 : INFO] - A total of 2 tasks of type smush found and will be processed in this iteration 
[2020-08-14 05:49:20 : INFO] - Set semaphore last lock (smush) time to 2020-08-14 05:49:20 
[2020-08-14 05:49:20 : INFO] - Semaphore lock (smush) complete 
[2020-08-14 05:49:20 : INFO] - Processing task with ID : 47, and type 'smush' 
[2020-08-14 05:49:20 : INFO] - Task with ID 47 and type (smush) failed with error code invalid_file_type - /home/stranke/drclo.si/wpdrclo1/wp-content/uploads/2020/08/ETP-CLENCU-Presentation-Antibacterial-Film.pdf - cannot be optimized, it has an invalid file type 
[2020-08-14 05:49:20 : INFO] - Processing task with ID : 48, and type 'smush' 
[2020-08-14 05:49:20 : INFO] - Task with ID 48 and type (smush) failed with error code exceeded_max_filesize - /home/stranke/drclo.si/wpdrclo1/wp-content/uploads/2020/08/ETP-Dr-Clo-Presentation.pdf - cannot be optimized, file size is above service provider limit 
[2020-08-14 05:49:20 : INFO] - Decremented the semaphore (smush) by 1 
[2020-08-14 05:49:20 : INFO] - Semaphore (smush) unlocked 
[2020-08-14 05:49:20 : INFO] - Successfully processed the queue (smush). 2 tasks were processed out of 2. 
[2020-08-14 05:49:20 : INFO] - Semaphore (smush, wp_options) was successfully cleaned up 
[2020-08-14 05:49:20 : INFO] - Cleaning up tasks of type (smush). A total of 2 tasks will be deleted. 
[2020-08-14 06:21:29 : INFO] - 
 
[2020-08-14 06:21:29 : INFO] - Header for logs at time:  Fri, 14 Aug 2020 06:21:29 +0000 on https://www.drclo.si/wpdrclo1 
[2020-08-14 06:21:29 : INFO] - WP: 5.4.2 
[2020-08-14 06:21:29 : INFO] - PHP: 7.3.13 (fpm-fcgi, Linux vmi237966.contaboserver.net 3.10.0-1062.9.1.el7.x86_64 #1 SMP Fri Dec 6 15:49:49 UTC 2019 x86_64) 
[2020-08-14 06:21:29 : INFO] - MySQL: 5.5.5 
[2020-08-14 06:21:29 : INFO] - WPLANG: sl_SI 
[2020-08-14 06:21:29 : INFO] - Server: Apache/2.4.39 (Unix) OpenSSL/1.0.2k-fips 
[2020-08-14 06:21:29 : INFO] - Outbound connections: N 
[2020-08-14 06:21:29 : INFO] - safe_mode: 0 
[2020-08-14 06:21:29 : INFO] - max_execution_time: 1200 
[2020-08-14 06:21:29 : INFO] - memory_limit: 256M (used: 27.8M | 30M) 
[2020-08-14 06:21:29 : INFO] - multisite: N 
[2020-08-14 06:21:29 : INFO] - openssl: OpenSSL 1.0.2k  26 Jan 2017 
[2020-08-14 06:21:29 : INFO] - The queue for tasks of type "smush" is empty. Aborting! 
